<?xml version="1.0" encoding="UTF-8"?>
<!-- Generated by org.testng.reporters.JUnitXMLReporter -->
<testsuite hostname="Ankur" name="Command line test" tests="15" failures="6" timestamp="8 Mar 2017 16:53:16 GMT" time="727.238" errors="0">
  <testcase name="addremoveShortlist" time="62.005" classname="com.core.ddf.NoBroker.testcases.ShortlistTest"/>
  <testcase name="addremoveShortlist" time="72.787" classname="com.core.ddf.NoBroker.testcases.ShortlistTest">
    <failure type="java.lang.AssertionError" message="no such element: Unable to locate element: {&amp;quot;method&amp;quot;:&amp;quot;xpath&amp;quot;,&amp;quot;selector&amp;quot;:&amp;quot;//*[@id=&amp;apos;user_summary_detail_container&amp;apos;]/div[1]/i&amp;quot;}
  (Session info: chrome=56.0.2924.87)
  (Driver info: chromedriver=2.27.440174 (e97a722caafc2d3a8b807ee115bfb307f7d2cfd9),platform=Windows NT 10.0.14393 x86_64) (WARNING: The server did not provide any stacktrace information)
Command duration or timeout: 20.07 seconds
For documentation on this error, please visit: http://seleniumhq.org/exceptions/no_such_element.html
Build info: version: &amp;apos;2.52.0&amp;apos;, revision: &amp;apos;4c2593cfc3689a7fcd7be52549167e5ccc93ad28&amp;apos;, time: &amp;apos;2016-02-11 11:22:43&amp;apos;
System info: host: &amp;apos;Ankur&amp;apos;, ip: &amp;apos;192.168.0.101&amp;apos;, os.name: &amp;apos;Windows 10&amp;apos;, os.arch: &amp;apos;amd64&amp;apos;, os.version: &amp;apos;10.0&amp;apos;, java.version: &amp;apos;1.8.0_121&amp;apos;
Driver info: org.openqa.selenium.chrome.ChromeDriver
Capabilities [{applicationCacheEnabled=false, rotatable=false, mobileEmulationEnabled=false, networkConnectionEnabled=false, chrome={chromedriverVersion=2.27.440174 (e97a722caafc2d3a8b807ee115bfb307f7d2cfd9), userDataDir=C:\Users\ankur\AppData\Local\Temp\scoped_dir8772_6189}, takesHeapSnapshot=true, pageLoadStrategy=normal, databaseEnabled=false, handlesAlerts=true, hasTouchScreen=false, version=56.0.2924.87, platform=XP, browserConnectionEnabled=false, nativeEvents=true, acceptSslCerts=true, locationContextEnabled=true, webStorageEnabled=true, browserName=chrome, takesScreenshot=true, javascriptEnabled=true, cssSelectorsEnabled=true, unexpectedAlertBehaviour=}]
Session ID: fc8fc23d2ead98d07669f614f69b582a
*** Element info: {Using=xpath, value=//*[@id=&amp;apos;user_summary_detail_container&amp;apos;]/div[1]/i}">
      <![CDATA[java.lang.AssertionError: no such element: Unable to locate element: {"method":"xpath","selector":"//*[@id='user_summary_detail_container']/div[1]/i"}
  (Session info: chrome=56.0.2924.87)
  (Driver info: chromedriver=2.27.440174 (e97a722caafc2d3a8b807ee115bfb307f7d2cfd9),platform=Windows NT 10.0.14393 x86_64) (WARNING: The server did not provide any stacktrace information)
Command duration or timeout: 20.07 seconds
For documentation on this error, please visit: http://seleniumhq.org/exceptions/no_such_element.html
Build info: version: '2.52.0', revision: '4c2593cfc3689a7fcd7be52549167e5ccc93ad28', time: '2016-02-11 11:22:43'
System info: host: 'Ankur', ip: '192.168.0.101', os.name: 'Windows 10', os.arch: 'amd64', os.version: '10.0', java.version: '1.8.0_121'
Driver info: org.openqa.selenium.chrome.ChromeDriver
Capabilities [{applicationCacheEnabled=false, rotatable=false, mobileEmulationEnabled=false, networkConnectionEnabled=false, chrome={chromedriverVersion=2.27.440174 (e97a722caafc2d3a8b807ee115bfb307f7d2cfd9), userDataDir=C:\Users\ankur\AppData\Local\Temp\scoped_dir8772_6189}, takesHeapSnapshot=true, pageLoadStrategy=normal, databaseEnabled=false, handlesAlerts=true, hasTouchScreen=false, version=56.0.2924.87, platform=XP, browserConnectionEnabled=false, nativeEvents=true, acceptSslCerts=true, locationContextEnabled=true, webStorageEnabled=true, browserName=chrome, takesScreenshot=true, javascriptEnabled=true, cssSelectorsEnabled=true, unexpectedAlertBehaviour=}]
Session ID: fc8fc23d2ead98d07669f614f69b582a
*** Element info: {Using=xpath, value=//*[@id='user_summary_detail_container']/div[1]/i}
	at com.core.ddf.NoBroker.BaseTest.reportFailure(BaseTest.java:181)
	at com.core.ddf.NoBroker.BaseTest.getElement(BaseTest.java:135)
	at com.core.ddf.NoBroker.BaseTest.click(BaseTest.java:105)
	at com.core.ddf.NoBroker.testcases.ShortlistTest.addremoveShortlist(ShortlistTest.java:59)
... Removed 35 stack frames]]>
    </failure>
  </testcase> <!-- addremoveShortlist -->
  <testcase name="addremoveShortlist" time="61.352" classname="com.core.ddf.NoBroker.testcases.ShortlistTest"/>
  <testcase name="addremoveShortlist" time="63.645" classname="com.core.ddf.NoBroker.testcases.ShortlistTest"/>
  <testcase name="search" time="47.559" classname="com.core.ddf.NoBroker.testcases.selectplanTest"/>
  <testcase name="search" time="52.651" classname="com.core.ddf.NoBroker.testcases.selectplanTest"/>
  <testcase name="search" time="37.917" classname="com.core.ddf.NoBroker.testcases.selectplanTest">
    <failure type="java.lang.AssertionError" message="Password aa is wrong">
      <![CDATA[java.lang.AssertionError: Password aa is wrong
	at com.core.ddf.NoBroker.BaseTest.reportFailure(BaseTest.java:181)
	at com.core.ddf.NoBroker.BaseTest.VerifyPassword(BaseTest.java:378)
	at com.core.ddf.NoBroker.testcases.selectplanTest.search(selectplanTest.java:52)
... Removed 35 stack frames]]>
    </failure>
  </testcase> <!-- search -->
  <testcase name="search" time="46.983" classname="com.core.ddf.NoBroker.testcases.selectplanTest"/>
  <testcase name="search" time="9.904" classname="com.core.ddf.NoBroker.testcases.selectplanTest">
    <failure type="java.lang.AssertionError" message="City not found Jaipur">
      <![CDATA[java.lang.AssertionError: City not found Jaipur
	at com.core.ddf.NoBroker.BaseTest.reportFailure(BaseTest.java:181)
	at com.core.ddf.NoBroker.BaseTest.selectCity(BaseTest.java:254)
	at com.core.ddf.NoBroker.BaseTest.searchResult(BaseTest.java:268)
	at com.core.ddf.NoBroker.testcases.selectplanTest.search(selectplanTest.java:36)
... Removed 35 stack frames]]>
    </failure>
  </testcase> <!-- search -->
  <testcase name="search" time="31.326" classname="com.core.ddf.NoBroker.testcases.selectplanTest">
    <failure type="java.lang.AssertionError" message="Mobile numberis not having 10 digits">
      <![CDATA[java.lang.AssertionError: Mobile numberis not having 10 digits
	at com.core.ddf.NoBroker.BaseTest.reportFailure(BaseTest.java:181)
	at com.core.ddf.NoBroker.BaseTest.VerifyNumber(BaseTest.java:360)
	at com.core.ddf.NoBroker.testcases.selectplanTest.search(selectplanTest.java:41)
... Removed 35 stack frames]]>
    </failure>
  </testcase> <!-- search -->
  <testcase name="search" time="60.673" classname="com.core.ddf.NoBroker.testcases.selectplanTest"/>
  <testcase name="search" time="36.123" classname="com.core.ddf.NoBroker.testcases.selectplanTest">
    <failure type="java.lang.AssertionError" message="Mobile numberis not of an integer">
      <![CDATA[java.lang.AssertionError: Mobile numberis not of an integer
	at com.core.ddf.NoBroker.BaseTest.reportFailure(BaseTest.java:181)
	at com.core.ddf.NoBroker.BaseTest.VerifyNumber(BaseTest.java:368)
	at com.core.ddf.NoBroker.testcases.selectplanTest.search(selectplanTest.java:41)
... Removed 35 stack frames]]>
    </failure>
  </testcase> <!-- search -->
  <testcase name="search" time="15.966" classname="com.core.ddf.NoBroker.testcases.selectplanTest">
    <failure type="java.lang.AssertionError" message="BHK type not found">
      <![CDATA[java.lang.AssertionError: BHK type not found
	at com.core.ddf.NoBroker.BaseTest.reportFailure(BaseTest.java:181)
	at com.core.ddf.NoBroker.BaseTest.selectBHK(BaseTest.java:313)
	at com.core.ddf.NoBroker.BaseTest.searchResult(BaseTest.java:269)
	at com.core.ddf.NoBroker.testcases.selectplanTest.search(selectplanTest.java:36)
... Removed 35 stack frames]]>
    </failure>
  </testcase> <!-- search -->
  <testcase name="search" time="58.941" classname="com.core.ddf.NoBroker.testcases.selectplanTest"/>
  <testcase name="search" time="52.68" classname="com.core.ddf.NoBroker.testcases.selectplanTest"/>
</testsuite> <!-- Command line test -->
