<?xml version="1.0" encoding="UTF-8"?>
<testng-results skipped="8" failed="2" total="12" passed="2">
  <reporter-output>
  </reporter-output>
  <suite name="SuiteName" duration-ms="248666" started-at="2017-03-05T21:05:40Z" finished-at="2017-03-05T21:09:48Z">
    <groups>
    </groups>
    <test name="selectplanTest" duration-ms="134198" started-at="2017-03-05T21:05:40Z" finished-at="2017-03-05T21:07:54Z">
      <class name="com.core.ddf.NoBroker.testcases.selectplanTest">
        <test-method status="PASS" signature="init()[pri:0, instance:com.core.ddf.NoBroker.testcases.selectplanTest@8b96fde]" name="init" is-config="true" duration-ms="7" started-at="2017-03-06T02:35:40Z" finished-at="2017-03-06T02:35:40Z">
          <reporter-output>
          </reporter-output>
        </test-method> <!-- init -->
        <test-method status="FAIL" signature="search(java.util.Hashtable)[pri:0, instance:com.core.ddf.NoBroker.testcases.selectplanTest@8b96fde]" name="search" duration-ms="74853" started-at="2017-03-06T02:35:40Z" data-provider="getData" finished-at="2017-03-06T02:36:55Z">
          <params>
            <param index="0">
              <value>
                <![CDATA[{location=whitefield, password=ankur1989, bhk=rk1,bhk1, Runmode=y, number=9852755852, city=Bangalore, Browser=Mozilla}]]>
              </value>
            </param>
          </params>
          <exception class="org.openqa.selenium.ElementNotVisibleException">
            <message>
              <![CDATA[Element is not currently visible and so may not be interacted with
Command duration or timeout: 20.04 seconds
Build info: version: '2.52.0', revision: '4c2593cfc3689a7fcd7be52549167e5ccc93ad28', time: '2016-02-11 11:22:43'
System info: host: 'Ankur', ip: '192.168.0.102', os.name: 'Windows 10', os.arch: 'amd64', os.version: '10.0', java.version: '1.8.0_121'
Driver info: org.openqa.selenium.firefox.FirefoxDriver
Capabilities [{applicationCacheEnabled=true, rotatable=false, handlesAlerts=true, databaseEnabled=true, version=44.0.2, platform=WINDOWS, nativeEvents=false, acceptSslCerts=true, webStorageEnabled=true, locationContextEnabled=true, browserName=firefox, takesScreenshot=true, javascriptEnabled=true, cssSelectorsEnabled=true}]
Session ID: 48742d54-034f-475b-9a68-da86541af69d]]>
            </message>
            <full-stacktrace>
              <![CDATA[org.openqa.selenium.ElementNotVisibleException: Element is not currently visible and so may not be interacted with
Command duration or timeout: 20.04 seconds
Build info: version: '2.52.0', revision: '4c2593cfc3689a7fcd7be52549167e5ccc93ad28', time: '2016-02-11 11:22:43'
System info: host: 'Ankur', ip: '192.168.0.102', os.name: 'Windows 10', os.arch: 'amd64', os.version: '10.0', java.version: '1.8.0_121'
Driver info: org.openqa.selenium.firefox.FirefoxDriver
Capabilities [{applicationCacheEnabled=true, rotatable=false, handlesAlerts=true, databaseEnabled=true, version=44.0.2, platform=WINDOWS, nativeEvents=false, acceptSslCerts=true, webStorageEnabled=true, locationContextEnabled=true, browserName=firefox, takesScreenshot=true, javascriptEnabled=true, cssSelectorsEnabled=true}]
Session ID: 48742d54-034f-475b-9a68-da86541af69d
	at sun.reflect.NativeConstructorAccessorImpl.newInstance0(Native Method)
	at sun.reflect.NativeConstructorAccessorImpl.newInstance(NativeConstructorAccessorImpl.java:62)
	at sun.reflect.DelegatingConstructorAccessorImpl.newInstance(DelegatingConstructorAccessorImpl.java:45)
	at java.lang.reflect.Constructor.newInstance(Constructor.java:423)
	at org.openqa.selenium.remote.ErrorHandler.createThrowable(ErrorHandler.java:206)
	at org.openqa.selenium.remote.ErrorHandler.throwIfResponseFailed(ErrorHandler.java:158)
	at org.openqa.selenium.remote.RemoteWebDriver.execute(RemoteWebDriver.java:678)
	at org.openqa.selenium.remote.RemoteWebElement.execute(RemoteWebElement.java:327)
	at org.openqa.selenium.remote.RemoteWebElement.click(RemoteWebElement.java:85)
	at com.core.ddf.NoBroker.BaseTest.click(BaseTest.java:102)
	at com.core.ddf.NoBroker.testcases.selectplanTest.search(selectplanTest.java:45)
	at sun.reflect.NativeMethodAccessorImpl.invoke0(Native Method)
	at sun.reflect.NativeMethodAccessorImpl.invoke(NativeMethodAccessorImpl.java:62)
	at sun.reflect.DelegatingMethodAccessorImpl.invoke(DelegatingMethodAccessorImpl.java:43)
	at java.lang.reflect.Method.invoke(Method.java:498)
	at org.testng.internal.MethodInvocationHelper.invokeMethod(MethodInvocationHelper.java:85)
	at org.testng.internal.Invoker.invokeMethod(Invoker.java:639)
	at org.testng.internal.Invoker.invokeTestMethod(Invoker.java:821)
	at org.testng.internal.Invoker.invokeTestMethods(Invoker.java:1131)
	at org.testng.internal.TestMethodWorker.invokeTestMethods(TestMethodWorker.java:124)
	at org.testng.internal.TestMethodWorker.run(TestMethodWorker.java:108)
	at org.testng.TestRunner.privateRun(TestRunner.java:773)
	at org.testng.TestRunner.run(TestRunner.java:623)
	at org.testng.SuiteRunner.runTest(SuiteRunner.java:357)
	at org.testng.SuiteRunner.runSequentially(SuiteRunner.java:352)
	at org.testng.SuiteRunner.privateRun(SuiteRunner.java:310)
	at org.testng.SuiteRunner.run(SuiteRunner.java:259)
	at org.testng.SuiteRunnerWorker.runSuite(SuiteRunnerWorker.java:52)
	at org.testng.SuiteRunnerWorker.run(SuiteRunnerWorker.java:86)
	at org.testng.TestNG.runSuitesSequentially(TestNG.java:1185)
	at org.testng.TestNG.runSuitesLocally(TestNG.java:1110)
	at org.testng.TestNG.run(TestNG.java:1018)
	at org.testng.remote.AbstractRemoteTestNG.run(AbstractRemoteTestNG.java:132)
	at org.testng.remote.RemoteTestNG.initAndRun(RemoteTestNG.java:230)
	at org.testng.remote.RemoteTestNG.main(RemoteTestNG.java:76)
Caused by: org.openqa.selenium.ElementNotVisibleException: Element is not currently visible and so may not be interacted with
Build info: version: '2.52.0', revision: '4c2593cfc3689a7fcd7be52549167e5ccc93ad28', time: '2016-02-11 11:22:43'
System info: host: 'Ankur', ip: '192.168.0.102', os.name: 'Windows 10', os.arch: 'amd64', os.version: '10.0', java.version: '1.8.0_121'
Driver info: driver.version: unknown
	at <anonymous class>.fxdriver.preconditions.visible(file:///C:/Users/ankur/AppData/Local/Temp/anonymous5873710641050916927webdriver-profile/extensions/fxdriver@googlecode.com/components/command-processor.js:10045)
	at <anonymous class>.DelayedCommand.prototype.checkPreconditions_(file:///C:/Users/ankur/AppData/Local/Temp/anonymous5873710641050916927webdriver-profile/extensions/fxdriver@googlecode.com/components/command-processor.js:12597)
	at <anonymous class>.DelayedCommand.prototype.executeInternal_/h(file:///C:/Users/ankur/AppData/Local/Temp/anonymous5873710641050916927webdriver-profile/extensions/fxdriver@googlecode.com/components/command-processor.js:12614)
	at <anonymous class>.fxdriver.Timer.prototype.setTimeout/<.notify(file:///C:/Users/ankur/AppData/Local/Temp/anonymous5873710641050916927webdriver-profile/extensions/fxdriver@googlecode.com/components/command-processor.js:623)
]]>
            </full-stacktrace>
          </exception> <!-- org.openqa.selenium.ElementNotVisibleException -->
          <reporter-output>
          </reporter-output>
        </test-method> <!-- search -->
        <test-method status="PASS" signature="repoquit()[pri:0, instance:com.core.ddf.NoBroker.testcases.selectplanTest@8b96fde]" name="repoquit" is-config="true" duration-ms="1866" started-at="2017-03-06T02:36:55Z" finished-at="2017-03-06T02:36:57Z">
          <reporter-output>
          </reporter-output>
        </test-method> <!-- repoquit -->
        <test-method status="FAIL" signature="search(java.util.Hashtable)[pri:0, instance:com.core.ddf.NoBroker.testcases.selectplanTest@8b96fde]" name="search" duration-ms="55170" started-at="2017-03-06T02:36:57Z" data-provider="getData" finished-at="2017-03-06T02:37:52Z">
          <params>
            <param index="0">
              <value>
                <![CDATA[{location=whitefield, password=aa, bhk=rk1, Runmode=y, number=9852755852, city=Bangalore, Browser=Mozilla}]]>
              </value>
            </param>
          </params>
          <exception class="java.lang.AssertionError">
            <message>
              <![CDATA[Password aa is wrong]]>
            </message>
            <full-stacktrace>
              <![CDATA[java.lang.AssertionError: Password aa is wrong
	at org.testng.Assert.fail(Assert.java:94)
	at com.core.ddf.NoBroker.BaseTest.reportFailure(BaseTest.java:169)
	at com.core.ddf.NoBroker.BaseTest.VerifyPassword(BaseTest.java:358)
	at com.core.ddf.NoBroker.testcases.selectplanTest.search(selectplanTest.java:51)
	at sun.reflect.NativeMethodAccessorImpl.invoke0(Native Method)
	at sun.reflect.NativeMethodAccessorImpl.invoke(NativeMethodAccessorImpl.java:62)
	at sun.reflect.DelegatingMethodAccessorImpl.invoke(DelegatingMethodAccessorImpl.java:43)
	at java.lang.reflect.Method.invoke(Method.java:498)
	at org.testng.internal.MethodInvocationHelper.invokeMethod(MethodInvocationHelper.java:85)
	at org.testng.internal.Invoker.invokeMethod(Invoker.java:639)
	at org.testng.internal.Invoker.invokeTestMethod(Invoker.java:821)
	at org.testng.internal.Invoker.invokeTestMethods(Invoker.java:1131)
	at org.testng.internal.TestMethodWorker.invokeTestMethods(TestMethodWorker.java:124)
	at org.testng.internal.TestMethodWorker.run(TestMethodWorker.java:108)
	at org.testng.TestRunner.privateRun(TestRunner.java:773)
	at org.testng.TestRunner.run(TestRunner.java:623)
	at org.testng.SuiteRunner.runTest(SuiteRunner.java:357)
	at org.testng.SuiteRunner.runSequentially(SuiteRunner.java:352)
	at org.testng.SuiteRunner.privateRun(SuiteRunner.java:310)
	at org.testng.SuiteRunner.run(SuiteRunner.java:259)
	at org.testng.SuiteRunnerWorker.runSuite(SuiteRunnerWorker.java:52)
	at org.testng.SuiteRunnerWorker.run(SuiteRunnerWorker.java:86)
	at org.testng.TestNG.runSuitesSequentially(TestNG.java:1185)
	at org.testng.TestNG.runSuitesLocally(TestNG.java:1110)
	at org.testng.TestNG.run(TestNG.java:1018)
	at org.testng.remote.AbstractRemoteTestNG.run(AbstractRemoteTestNG.java:132)
	at org.testng.remote.RemoteTestNG.initAndRun(RemoteTestNG.java:230)
	at org.testng.remote.RemoteTestNG.main(RemoteTestNG.java:76)
]]>
            </full-stacktrace>
          </exception> <!-- java.lang.AssertionError -->
          <reporter-output>
          </reporter-output>
        </test-method> <!-- search -->
        <test-method status="PASS" signature="init()[pri:0, instance:com.core.ddf.NoBroker.testcases.selectplanTest@8b96fde]" name="init" is-config="true" duration-ms="0" started-at="2017-03-06T02:36:57Z" finished-at="2017-03-06T02:36:57Z">
          <reporter-output>
          </reporter-output>
        </test-method> <!-- init -->
        <test-method status="PASS" signature="repoquit()[pri:0, instance:com.core.ddf.NoBroker.testcases.selectplanTest@8b96fde]" name="repoquit" is-config="true" duration-ms="919" started-at="2017-03-06T02:37:52Z" finished-at="2017-03-06T02:37:53Z">
          <reporter-output>
          </reporter-output>
        </test-method> <!-- repoquit -->
        <test-method status="PASS" signature="init()[pri:0, instance:com.core.ddf.NoBroker.testcases.selectplanTest@8b96fde]" name="init" is-config="true" duration-ms="0" started-at="2017-03-06T02:37:53Z" finished-at="2017-03-06T02:37:53Z">
          <reporter-output>
          </reporter-output>
        </test-method> <!-- init -->
        <test-method status="SKIP" signature="search(java.util.Hashtable)[pri:0, instance:com.core.ddf.NoBroker.testcases.selectplanTest@8b96fde]" name="search" duration-ms="1" started-at="2017-03-06T02:37:53Z" data-provider="getData" finished-at="2017-03-06T02:37:53Z">
          <params>
            <param index="0">
              <value>
                <![CDATA[{location=whitefield, password=ankur1989, bhk=rk1,bhk1,bhk2,bhk3,bhk4, Runmode=n, number=9852755852, city=Bangalore, Browser=Mozilla}]]>
              </value>
            </param>
          </params>
          <exception class="org.testng.SkipException">
            <message>
              <![CDATA[Skipping the test as runmode is N]]>
            </message>
            <full-stacktrace>
              <![CDATA[org.testng.SkipException: Skipping the test as runmode is N
	at com.core.ddf.NoBroker.testcases.selectplanTest.search(selectplanTest.java:35)
	at sun.reflect.NativeMethodAccessorImpl.invoke0(Native Method)
	at sun.reflect.NativeMethodAccessorImpl.invoke(NativeMethodAccessorImpl.java:62)
	at sun.reflect.DelegatingMethodAccessorImpl.invoke(DelegatingMethodAccessorImpl.java:43)
	at java.lang.reflect.Method.invoke(Method.java:498)
	at org.testng.internal.MethodInvocationHelper.invokeMethod(MethodInvocationHelper.java:85)
	at org.testng.internal.Invoker.invokeMethod(Invoker.java:639)
	at org.testng.internal.Invoker.invokeTestMethod(Invoker.java:821)
	at org.testng.internal.Invoker.invokeTestMethods(Invoker.java:1131)
	at org.testng.internal.TestMethodWorker.invokeTestMethods(TestMethodWorker.java:124)
	at org.testng.internal.TestMethodWorker.run(TestMethodWorker.java:108)
	at org.testng.TestRunner.privateRun(TestRunner.java:773)
	at org.testng.TestRunner.run(TestRunner.java:623)
	at org.testng.SuiteRunner.runTest(SuiteRunner.java:357)
	at org.testng.SuiteRunner.runSequentially(SuiteRunner.java:352)
	at org.testng.SuiteRunner.privateRun(SuiteRunner.java:310)
	at org.testng.SuiteRunner.run(SuiteRunner.java:259)
	at org.testng.SuiteRunnerWorker.runSuite(SuiteRunnerWorker.java:52)
	at org.testng.SuiteRunnerWorker.run(SuiteRunnerWorker.java:86)
	at org.testng.TestNG.runSuitesSequentially(TestNG.java:1185)
	at org.testng.TestNG.runSuitesLocally(TestNG.java:1110)
	at org.testng.TestNG.run(TestNG.java:1018)
	at org.testng.remote.AbstractRemoteTestNG.run(AbstractRemoteTestNG.java:132)
	at org.testng.remote.RemoteTestNG.initAndRun(RemoteTestNG.java:230)
	at org.testng.remote.RemoteTestNG.main(RemoteTestNG.java:76)
]]>
            </full-stacktrace>
          </exception> <!-- org.testng.SkipException -->
          <reporter-output>
          </reporter-output>
        </test-method> <!-- search -->
        <test-method status="PASS" signature="repoquit()[pri:0, instance:com.core.ddf.NoBroker.testcases.selectplanTest@8b96fde]" name="repoquit" is-config="true" duration-ms="99" started-at="2017-03-06T02:37:53Z" finished-at="2017-03-06T02:37:53Z">
          <reporter-output>
          </reporter-output>
        </test-method> <!-- repoquit -->
        <test-method status="PASS" signature="init()[pri:0, instance:com.core.ddf.NoBroker.testcases.selectplanTest@8b96fde]" name="init" is-config="true" duration-ms="0" started-at="2017-03-06T02:37:53Z" finished-at="2017-03-06T02:37:53Z">
          <reporter-output>
          </reporter-output>
        </test-method> <!-- init -->
        <test-method status="SKIP" signature="search(java.util.Hashtable)[pri:0, instance:com.core.ddf.NoBroker.testcases.selectplanTest@8b96fde]" name="search" duration-ms="1" started-at="2017-03-06T02:37:53Z" data-provider="getData" finished-at="2017-03-06T02:37:53Z">
          <params>
            <param index="0">
              <value>
                <![CDATA[{location=whitefield, password=ankur1989, bhk=rk1,bhk1, Runmode=n, number=9852755852, city=Jaipur, Browser=Mozilla}]]>
              </value>
            </param>
          </params>
          <exception class="org.testng.SkipException">
            <message>
              <![CDATA[Skipping the test as runmode is N]]>
            </message>
            <full-stacktrace>
              <![CDATA[org.testng.SkipException: Skipping the test as runmode is N
	at com.core.ddf.NoBroker.testcases.selectplanTest.search(selectplanTest.java:35)
	at sun.reflect.NativeMethodAccessorImpl.invoke0(Native Method)
	at sun.reflect.NativeMethodAccessorImpl.invoke(NativeMethodAccessorImpl.java:62)
	at sun.reflect.DelegatingMethodAccessorImpl.invoke(DelegatingMethodAccessorImpl.java:43)
	at java.lang.reflect.Method.invoke(Method.java:498)
	at org.testng.internal.MethodInvocationHelper.invokeMethod(MethodInvocationHelper.java:85)
	at org.testng.internal.Invoker.invokeMethod(Invoker.java:639)
	at org.testng.internal.Invoker.invokeTestMethod(Invoker.java:821)
	at org.testng.internal.Invoker.invokeTestMethods(Invoker.java:1131)
	at org.testng.internal.TestMethodWorker.invokeTestMethods(TestMethodWorker.java:124)
	at org.testng.internal.TestMethodWorker.run(TestMethodWorker.java:108)
	at org.testng.TestRunner.privateRun(TestRunner.java:773)
	at org.testng.TestRunner.run(TestRunner.java:623)
	at org.testng.SuiteRunner.runTest(SuiteRunner.java:357)
	at org.testng.SuiteRunner.runSequentially(SuiteRunner.java:352)
	at org.testng.SuiteRunner.privateRun(SuiteRunner.java:310)
	at org.testng.SuiteRunner.run(SuiteRunner.java:259)
	at org.testng.SuiteRunnerWorker.runSuite(SuiteRunnerWorker.java:52)
	at org.testng.SuiteRunnerWorker.run(SuiteRunnerWorker.java:86)
	at org.testng.TestNG.runSuitesSequentially(TestNG.java:1185)
	at org.testng.TestNG.runSuitesLocally(TestNG.java:1110)
	at org.testng.TestNG.run(TestNG.java:1018)
	at org.testng.remote.AbstractRemoteTestNG.run(AbstractRemoteTestNG.java:132)
	at org.testng.remote.RemoteTestNG.initAndRun(RemoteTestNG.java:230)
	at org.testng.remote.RemoteTestNG.main(RemoteTestNG.java:76)
]]>
            </full-stacktrace>
          </exception> <!-- org.testng.SkipException -->
          <reporter-output>
          </reporter-output>
        </test-method> <!-- search -->
        <test-method status="PASS" signature="repoquit()[pri:0, instance:com.core.ddf.NoBroker.testcases.selectplanTest@8b96fde]" name="repoquit" is-config="true" duration-ms="74" started-at="2017-03-06T02:37:53Z" finished-at="2017-03-06T02:37:53Z">
          <reporter-output>
          </reporter-output>
        </test-method> <!-- repoquit -->
        <test-method status="PASS" signature="init()[pri:0, instance:com.core.ddf.NoBroker.testcases.selectplanTest@8b96fde]" name="init" is-config="true" duration-ms="0" started-at="2017-03-06T02:37:53Z" finished-at="2017-03-06T02:37:53Z">
          <reporter-output>
          </reporter-output>
        </test-method> <!-- init -->
        <test-method status="SKIP" signature="search(java.util.Hashtable)[pri:0, instance:com.core.ddf.NoBroker.testcases.selectplanTest@8b96fde]" name="search" duration-ms="1" started-at="2017-03-06T02:37:53Z" data-provider="getData" finished-at="2017-03-06T02:37:53Z">
          <params>
            <param index="0">
              <value>
                <![CDATA[{location=whitefield, password=ankur1989, bhk=rk1,bhk1, Runmode=n, number=9812, city=Bangalore, Browser=Mozilla}]]>
              </value>
            </param>
          </params>
          <exception class="org.testng.SkipException">
            <message>
              <![CDATA[Skipping the test as runmode is N]]>
            </message>
            <full-stacktrace>
              <![CDATA[org.testng.SkipException: Skipping the test as runmode is N
	at com.core.ddf.NoBroker.testcases.selectplanTest.search(selectplanTest.java:35)
	at sun.reflect.NativeMethodAccessorImpl.invoke0(Native Method)
	at sun.reflect.NativeMethodAccessorImpl.invoke(NativeMethodAccessorImpl.java:62)
	at sun.reflect.DelegatingMethodAccessorImpl.invoke(DelegatingMethodAccessorImpl.java:43)
	at java.lang.reflect.Method.invoke(Method.java:498)
	at org.testng.internal.MethodInvocationHelper.invokeMethod(MethodInvocationHelper.java:85)
	at org.testng.internal.Invoker.invokeMethod(Invoker.java:639)
	at org.testng.internal.Invoker.invokeTestMethod(Invoker.java:821)
	at org.testng.internal.Invoker.invokeTestMethods(Invoker.java:1131)
	at org.testng.internal.TestMethodWorker.invokeTestMethods(TestMethodWorker.java:124)
	at org.testng.internal.TestMethodWorker.run(TestMethodWorker.java:108)
	at org.testng.TestRunner.privateRun(TestRunner.java:773)
	at org.testng.TestRunner.run(TestRunner.java:623)
	at org.testng.SuiteRunner.runTest(SuiteRunner.java:357)
	at org.testng.SuiteRunner.runSequentially(SuiteRunner.java:352)
	at org.testng.SuiteRunner.privateRun(SuiteRunner.java:310)
	at org.testng.SuiteRunner.run(SuiteRunner.java:259)
	at org.testng.SuiteRunnerWorker.runSuite(SuiteRunnerWorker.java:52)
	at org.testng.SuiteRunnerWorker.run(SuiteRunnerWorker.java:86)
	at org.testng.TestNG.runSuitesSequentially(TestNG.java:1185)
	at org.testng.TestNG.runSuitesLocally(TestNG.java:1110)
	at org.testng.TestNG.run(TestNG.java:1018)
	at org.testng.remote.AbstractRemoteTestNG.run(AbstractRemoteTestNG.java:132)
	at org.testng.remote.RemoteTestNG.initAndRun(RemoteTestNG.java:230)
	at org.testng.remote.RemoteTestNG.main(RemoteTestNG.java:76)
]]>
            </full-stacktrace>
          </exception> <!-- org.testng.SkipException -->
          <reporter-output>
          </reporter-output>
        </test-method> <!-- search -->
        <test-method status="PASS" signature="repoquit()[pri:0, instance:com.core.ddf.NoBroker.testcases.selectplanTest@8b96fde]" name="repoquit" is-config="true" duration-ms="103" started-at="2017-03-06T02:37:53Z" finished-at="2017-03-06T02:37:54Z">
          <reporter-output>
          </reporter-output>
        </test-method> <!-- repoquit -->
        <test-method status="PASS" signature="init()[pri:0, instance:com.core.ddf.NoBroker.testcases.selectplanTest@8b96fde]" name="init" is-config="true" duration-ms="0" started-at="2017-03-06T02:37:54Z" finished-at="2017-03-06T02:37:54Z">
          <reporter-output>
          </reporter-output>
        </test-method> <!-- init -->
        <test-method status="SKIP" signature="search(java.util.Hashtable)[pri:0, instance:com.core.ddf.NoBroker.testcases.selectplanTest@8b96fde]" name="search" duration-ms="2" started-at="2017-03-06T02:37:54Z" data-provider="getData" finished-at="2017-03-06T02:37:54Z">
          <params>
            <param index="0">
              <value>
                <![CDATA[{location=Worli, password=ankur1989, bhk=rk1,bhk1, Runmode=n, number=9852755852, city=Mumbai, Browser=Mozilla}]]>
              </value>
            </param>
          </params>
          <exception class="org.testng.SkipException">
            <message>
              <![CDATA[Skipping the test as runmode is N]]>
            </message>
            <full-stacktrace>
              <![CDATA[org.testng.SkipException: Skipping the test as runmode is N
	at com.core.ddf.NoBroker.testcases.selectplanTest.search(selectplanTest.java:35)
	at sun.reflect.NativeMethodAccessorImpl.invoke0(Native Method)
	at sun.reflect.NativeMethodAccessorImpl.invoke(NativeMethodAccessorImpl.java:62)
	at sun.reflect.DelegatingMethodAccessorImpl.invoke(DelegatingMethodAccessorImpl.java:43)
	at java.lang.reflect.Method.invoke(Method.java:498)
	at org.testng.internal.MethodInvocationHelper.invokeMethod(MethodInvocationHelper.java:85)
	at org.testng.internal.Invoker.invokeMethod(Invoker.java:639)
	at org.testng.internal.Invoker.invokeTestMethod(Invoker.java:821)
	at org.testng.internal.Invoker.invokeTestMethods(Invoker.java:1131)
	at org.testng.internal.TestMethodWorker.invokeTestMethods(TestMethodWorker.java:124)
	at org.testng.internal.TestMethodWorker.run(TestMethodWorker.java:108)
	at org.testng.TestRunner.privateRun(TestRunner.java:773)
	at org.testng.TestRunner.run(TestRunner.java:623)
	at org.testng.SuiteRunner.runTest(SuiteRunner.java:357)
	at org.testng.SuiteRunner.runSequentially(SuiteRunner.java:352)
	at org.testng.SuiteRunner.privateRun(SuiteRunner.java:310)
	at org.testng.SuiteRunner.run(SuiteRunner.java:259)
	at org.testng.SuiteRunnerWorker.runSuite(SuiteRunnerWorker.java:52)
	at org.testng.SuiteRunnerWorker.run(SuiteRunnerWorker.java:86)
	at org.testng.TestNG.runSuitesSequentially(TestNG.java:1185)
	at org.testng.TestNG.runSuitesLocally(TestNG.java:1110)
	at org.testng.TestNG.run(TestNG.java:1018)
	at org.testng.remote.AbstractRemoteTestNG.run(AbstractRemoteTestNG.java:132)
	at org.testng.remote.RemoteTestNG.initAndRun(RemoteTestNG.java:230)
	at org.testng.remote.RemoteTestNG.main(RemoteTestNG.java:76)
]]>
            </full-stacktrace>
          </exception> <!-- org.testng.SkipException -->
          <reporter-output>
          </reporter-output>
        </test-method> <!-- search -->
        <test-method status="PASS" signature="repoquit()[pri:0, instance:com.core.ddf.NoBroker.testcases.selectplanTest@8b96fde]" name="repoquit" is-config="true" duration-ms="85" started-at="2017-03-06T02:37:54Z" finished-at="2017-03-06T02:37:54Z">
          <reporter-output>
          </reporter-output>
        </test-method> <!-- repoquit -->
        <test-method status="PASS" signature="init()[pri:0, instance:com.core.ddf.NoBroker.testcases.selectplanTest@8b96fde]" name="init" is-config="true" duration-ms="0" started-at="2017-03-06T02:37:54Z" finished-at="2017-03-06T02:37:54Z">
          <reporter-output>
          </reporter-output>
        </test-method> <!-- init -->
        <test-method status="SKIP" signature="search(java.util.Hashtable)[pri:0, instance:com.core.ddf.NoBroker.testcases.selectplanTest@8b96fde]" name="search" duration-ms="2" started-at="2017-03-06T02:37:54Z" data-provider="getData" finished-at="2017-03-06T02:37:54Z">
          <params>
            <param index="0">
              <value>
                <![CDATA[{location=whitefield, password=ankur1989, bhk=rk1,bhk1, Runmode=n, number=aaaaa, city=Bangalore, Browser=Mozilla}]]>
              </value>
            </param>
          </params>
          <exception class="org.testng.SkipException">
            <message>
              <![CDATA[Skipping the test as runmode is N]]>
            </message>
            <full-stacktrace>
              <![CDATA[org.testng.SkipException: Skipping the test as runmode is N
	at com.core.ddf.NoBroker.testcases.selectplanTest.search(selectplanTest.java:35)
	at sun.reflect.NativeMethodAccessorImpl.invoke0(Native Method)
	at sun.reflect.NativeMethodAccessorImpl.invoke(NativeMethodAccessorImpl.java:62)
	at sun.reflect.DelegatingMethodAccessorImpl.invoke(DelegatingMethodAccessorImpl.java:43)
	at java.lang.reflect.Method.invoke(Method.java:498)
	at org.testng.internal.MethodInvocationHelper.invokeMethod(MethodInvocationHelper.java:85)
	at org.testng.internal.Invoker.invokeMethod(Invoker.java:639)
	at org.testng.internal.Invoker.invokeTestMethod(Invoker.java:821)
	at org.testng.internal.Invoker.invokeTestMethods(Invoker.java:1131)
	at org.testng.internal.TestMethodWorker.invokeTestMethods(TestMethodWorker.java:124)
	at org.testng.internal.TestMethodWorker.run(TestMethodWorker.java:108)
	at org.testng.TestRunner.privateRun(TestRunner.java:773)
	at org.testng.TestRunner.run(TestRunner.java:623)
	at org.testng.SuiteRunner.runTest(SuiteRunner.java:357)
	at org.testng.SuiteRunner.runSequentially(SuiteRunner.java:352)
	at org.testng.SuiteRunner.privateRun(SuiteRunner.java:310)
	at org.testng.SuiteRunner.run(SuiteRunner.java:259)
	at org.testng.SuiteRunnerWorker.runSuite(SuiteRunnerWorker.java:52)
	at org.testng.SuiteRunnerWorker.run(SuiteRunnerWorker.java:86)
	at org.testng.TestNG.runSuitesSequentially(TestNG.java:1185)
	at org.testng.TestNG.runSuitesLocally(TestNG.java:1110)
	at org.testng.TestNG.run(TestNG.java:1018)
	at org.testng.remote.AbstractRemoteTestNG.run(AbstractRemoteTestNG.java:132)
	at org.testng.remote.RemoteTestNG.initAndRun(RemoteTestNG.java:230)
	at org.testng.remote.RemoteTestNG.main(RemoteTestNG.java:76)
]]>
            </full-stacktrace>
          </exception> <!-- org.testng.SkipException -->
          <reporter-output>
          </reporter-output>
        </test-method> <!-- search -->
        <test-method status="PASS" signature="repoquit()[pri:0, instance:com.core.ddf.NoBroker.testcases.selectplanTest@8b96fde]" name="repoquit" is-config="true" duration-ms="83" started-at="2017-03-06T02:37:54Z" finished-at="2017-03-06T02:37:54Z">
          <reporter-output>
          </reporter-output>
        </test-method> <!-- repoquit -->
        <test-method status="PASS" signature="init()[pri:0, instance:com.core.ddf.NoBroker.testcases.selectplanTest@8b96fde]" name="init" is-config="true" duration-ms="1" started-at="2017-03-06T02:37:54Z" finished-at="2017-03-06T02:37:54Z">
          <reporter-output>
          </reporter-output>
        </test-method> <!-- init -->
        <test-method status="SKIP" signature="search(java.util.Hashtable)[pri:0, instance:com.core.ddf.NoBroker.testcases.selectplanTest@8b96fde]" name="search" duration-ms="3" started-at="2017-03-06T02:37:54Z" data-provider="getData" finished-at="2017-03-06T02:37:54Z">
          <params>
            <param index="0">
              <value>
                <![CDATA[{location=whitefield, password=ankur1989, bhk=bhk5, Runmode=n, number=9852755852, city=Bangalore, Browser=Mozilla}]]>
              </value>
            </param>
          </params>
          <exception class="org.testng.SkipException">
            <message>
              <![CDATA[Skipping the test as runmode is N]]>
            </message>
            <full-stacktrace>
              <![CDATA[org.testng.SkipException: Skipping the test as runmode is N
	at com.core.ddf.NoBroker.testcases.selectplanTest.search(selectplanTest.java:35)
	at sun.reflect.NativeMethodAccessorImpl.invoke0(Native Method)
	at sun.reflect.NativeMethodAccessorImpl.invoke(NativeMethodAccessorImpl.java:62)
	at sun.reflect.DelegatingMethodAccessorImpl.invoke(DelegatingMethodAccessorImpl.java:43)
	at java.lang.reflect.Method.invoke(Method.java:498)
	at org.testng.internal.MethodInvocationHelper.invokeMethod(MethodInvocationHelper.java:85)
	at org.testng.internal.Invoker.invokeMethod(Invoker.java:639)
	at org.testng.internal.Invoker.invokeTestMethod(Invoker.java:821)
	at org.testng.internal.Invoker.invokeTestMethods(Invoker.java:1131)
	at org.testng.internal.TestMethodWorker.invokeTestMethods(TestMethodWorker.java:124)
	at org.testng.internal.TestMethodWorker.run(TestMethodWorker.java:108)
	at org.testng.TestRunner.privateRun(TestRunner.java:773)
	at org.testng.TestRunner.run(TestRunner.java:623)
	at org.testng.SuiteRunner.runTest(SuiteRunner.java:357)
	at org.testng.SuiteRunner.runSequentially(SuiteRunner.java:352)
	at org.testng.SuiteRunner.privateRun(SuiteRunner.java:310)
	at org.testng.SuiteRunner.run(SuiteRunner.java:259)
	at org.testng.SuiteRunnerWorker.runSuite(SuiteRunnerWorker.java:52)
	at org.testng.SuiteRunnerWorker.run(SuiteRunnerWorker.java:86)
	at org.testng.TestNG.runSuitesSequentially(TestNG.java:1185)
	at org.testng.TestNG.runSuitesLocally(TestNG.java:1110)
	at org.testng.TestNG.run(TestNG.java:1018)
	at org.testng.remote.AbstractRemoteTestNG.run(AbstractRemoteTestNG.java:132)
	at org.testng.remote.RemoteTestNG.initAndRun(RemoteTestNG.java:230)
	at org.testng.remote.RemoteTestNG.main(RemoteTestNG.java:76)
]]>
            </full-stacktrace>
          </exception> <!-- org.testng.SkipException -->
          <reporter-output>
          </reporter-output>
        </test-method> <!-- search -->
        <test-method status="PASS" signature="repoquit()[pri:0, instance:com.core.ddf.NoBroker.testcases.selectplanTest@8b96fde]" name="repoquit" is-config="true" duration-ms="112" started-at="2017-03-06T02:37:54Z" finished-at="2017-03-06T02:37:54Z">
          <reporter-output>
          </reporter-output>
        </test-method> <!-- repoquit -->
        <test-method status="SKIP" signature="search(java.util.Hashtable)[pri:0, instance:com.core.ddf.NoBroker.testcases.selectplanTest@8b96fde]" name="search" duration-ms="2" started-at="2017-03-06T02:37:54Z" data-provider="getData" finished-at="2017-03-06T02:37:54Z">
          <params>
            <param index="0">
              <value>
                <![CDATA[{location=whitefield, password=ankur1989, bhk=rk1,bhk1, Runmode=n, number=9852755852, city=Bangalore, Browser=Mozilla}]]>
              </value>
            </param>
          </params>
          <exception class="org.testng.SkipException">
            <message>
              <![CDATA[Skipping the test as runmode is N]]>
            </message>
            <full-stacktrace>
              <![CDATA[org.testng.SkipException: Skipping the test as runmode is N
	at com.core.ddf.NoBroker.testcases.selectplanTest.search(selectplanTest.java:35)
	at sun.reflect.NativeMethodAccessorImpl.invoke0(Native Method)
	at sun.reflect.NativeMethodAccessorImpl.invoke(NativeMethodAccessorImpl.java:62)
	at sun.reflect.DelegatingMethodAccessorImpl.invoke(DelegatingMethodAccessorImpl.java:43)
	at java.lang.reflect.Method.invoke(Method.java:498)
	at org.testng.internal.MethodInvocationHelper.invokeMethod(MethodInvocationHelper.java:85)
	at org.testng.internal.Invoker.invokeMethod(Invoker.java:639)
	at org.testng.internal.Invoker.invokeTestMethod(Invoker.java:821)
	at org.testng.internal.Invoker.invokeTestMethods(Invoker.java:1131)
	at org.testng.internal.TestMethodWorker.invokeTestMethods(TestMethodWorker.java:124)
	at org.testng.internal.TestMethodWorker.run(TestMethodWorker.java:108)
	at org.testng.TestRunner.privateRun(TestRunner.java:773)
	at org.testng.TestRunner.run(TestRunner.java:623)
	at org.testng.SuiteRunner.runTest(SuiteRunner.java:357)
	at org.testng.SuiteRunner.runSequentially(SuiteRunner.java:352)
	at org.testng.SuiteRunner.privateRun(SuiteRunner.java:310)
	at org.testng.SuiteRunner.run(SuiteRunner.java:259)
	at org.testng.SuiteRunnerWorker.runSuite(SuiteRunnerWorker.java:52)
	at org.testng.SuiteRunnerWorker.run(SuiteRunnerWorker.java:86)
	at org.testng.TestNG.runSuitesSequentially(TestNG.java:1185)
	at org.testng.TestNG.runSuitesLocally(TestNG.java:1110)
	at org.testng.TestNG.run(TestNG.java:1018)
	at org.testng.remote.AbstractRemoteTestNG.run(AbstractRemoteTestNG.java:132)
	at org.testng.remote.RemoteTestNG.initAndRun(RemoteTestNG.java:230)
	at org.testng.remote.RemoteTestNG.main(RemoteTestNG.java:76)
]]>
            </full-stacktrace>
          </exception> <!-- org.testng.SkipException -->
          <reporter-output>
          </reporter-output>
        </test-method> <!-- search -->
        <test-method status="PASS" signature="init()[pri:0, instance:com.core.ddf.NoBroker.testcases.selectplanTest@8b96fde]" name="init" is-config="true" duration-ms="0" started-at="2017-03-06T02:37:54Z" finished-at="2017-03-06T02:37:54Z">
          <reporter-output>
          </reporter-output>
        </test-method> <!-- init -->
        <test-method status="PASS" signature="repoquit()[pri:0, instance:com.core.ddf.NoBroker.testcases.selectplanTest@8b96fde]" name="repoquit" is-config="true" duration-ms="91" started-at="2017-03-06T02:37:54Z" finished-at="2017-03-06T02:37:54Z">
          <reporter-output>
          </reporter-output>
        </test-method> <!-- repoquit -->
        <test-method status="SKIP" signature="search(java.util.Hashtable)[pri:0, instance:com.core.ddf.NoBroker.testcases.selectplanTest@8b96fde]" name="search" duration-ms="2" started-at="2017-03-06T02:37:54Z" data-provider="getData" finished-at="2017-03-06T02:37:54Z">
          <params>
            <param index="0">
              <value>
                <![CDATA[{location=Wakad, password=ankur1989, bhk=rk1,bhk1, Runmode=n, number=9852755852, city=Pune, Browser=Mozilla}]]>
              </value>
            </param>
          </params>
          <exception class="org.testng.SkipException">
            <message>
              <![CDATA[Skipping the test as runmode is N]]>
            </message>
            <full-stacktrace>
              <![CDATA[org.testng.SkipException: Skipping the test as runmode is N
	at com.core.ddf.NoBroker.testcases.selectplanTest.search(selectplanTest.java:35)
	at sun.reflect.NativeMethodAccessorImpl.invoke0(Native Method)
	at sun.reflect.NativeMethodAccessorImpl.invoke(NativeMethodAccessorImpl.java:62)
	at sun.reflect.DelegatingMethodAccessorImpl.invoke(DelegatingMethodAccessorImpl.java:43)
	at java.lang.reflect.Method.invoke(Method.java:498)
	at org.testng.internal.MethodInvocationHelper.invokeMethod(MethodInvocationHelper.java:85)
	at org.testng.internal.Invoker.invokeMethod(Invoker.java:639)
	at org.testng.internal.Invoker.invokeTestMethod(Invoker.java:821)
	at org.testng.internal.Invoker.invokeTestMethods(Invoker.java:1131)
	at org.testng.internal.TestMethodWorker.invokeTestMethods(TestMethodWorker.java:124)
	at org.testng.internal.TestMethodWorker.run(TestMethodWorker.java:108)
	at org.testng.TestRunner.privateRun(TestRunner.java:773)
	at org.testng.TestRunner.run(TestRunner.java:623)
	at org.testng.SuiteRunner.runTest(SuiteRunner.java:357)
	at org.testng.SuiteRunner.runSequentially(SuiteRunner.java:352)
	at org.testng.SuiteRunner.privateRun(SuiteRunner.java:310)
	at org.testng.SuiteRunner.run(SuiteRunner.java:259)
	at org.testng.SuiteRunnerWorker.runSuite(SuiteRunnerWorker.java:52)
	at org.testng.SuiteRunnerWorker.run(SuiteRunnerWorker.java:86)
	at org.testng.TestNG.runSuitesSequentially(TestNG.java:1185)
	at org.testng.TestNG.runSuitesLocally(TestNG.java:1110)
	at org.testng.TestNG.run(TestNG.java:1018)
	at org.testng.remote.AbstractRemoteTestNG.run(AbstractRemoteTestNG.java:132)
	at org.testng.remote.RemoteTestNG.initAndRun(RemoteTestNG.java:230)
	at org.testng.remote.RemoteTestNG.main(RemoteTestNG.java:76)
]]>
            </full-stacktrace>
          </exception> <!-- org.testng.SkipException -->
          <reporter-output>
          </reporter-output>
        </test-method> <!-- search -->
        <test-method status="PASS" signature="init()[pri:0, instance:com.core.ddf.NoBroker.testcases.selectplanTest@8b96fde]" name="init" is-config="true" duration-ms="0" started-at="2017-03-06T02:37:54Z" finished-at="2017-03-06T02:37:54Z">
          <reporter-output>
          </reporter-output>
        </test-method> <!-- init -->
        <test-method status="PASS" signature="repoquit()[pri:0, instance:com.core.ddf.NoBroker.testcases.selectplanTest@8b96fde]" name="repoquit" is-config="true" duration-ms="72" started-at="2017-03-06T02:37:54Z" finished-at="2017-03-06T02:37:54Z">
          <reporter-output>
          </reporter-output>
        </test-method> <!-- repoquit -->
      </class> <!-- com.core.ddf.NoBroker.testcases.selectplanTest -->
    </test> <!-- selectplanTest -->
    <test name="Shortlist" duration-ms="114413" started-at="2017-03-05T21:07:54Z" finished-at="2017-03-05T21:09:48Z">
      <class name="com.core.ddf.NoBroker.testcases.Shortlist">
        <test-method status="PASS" signature="addremoveShortlist(java.util.Hashtable)[pri:0, instance:com.core.ddf.NoBroker.testcases.Shortlist@7d68ef40]" name="addremoveShortlist" duration-ms="54197" started-at="2017-03-06T02:37:54Z" data-provider="getData" finished-at="2017-03-06T02:38:48Z">
          <params>
            <param index="0">
              <value>
                <![CDATA[{location=whitefield, password=ankur1989, bhk=rk1,bhk1, Runmode=y, number=9852755852, city=Bangalore, Browser=Mozilla}]]>
              </value>
            </param>
          </params>
          <reporter-output>
          </reporter-output>
        </test-method> <!-- addremoveShortlist -->
        <test-method status="PASS" signature="init()[pri:0, instance:com.core.ddf.NoBroker.testcases.Shortlist@7d68ef40]" name="init" is-config="true" duration-ms="0" started-at="2017-03-06T02:37:54Z" finished-at="2017-03-06T02:37:54Z">
          <reporter-output>
          </reporter-output>
        </test-method> <!-- init -->
        <test-method status="PASS" signature="repoquit()[pri:0, instance:com.core.ddf.NoBroker.testcases.Shortlist@7d68ef40]" name="repoquit" is-config="true" duration-ms="885" started-at="2017-03-06T02:38:48Z" finished-at="2017-03-06T02:38:49Z">
          <reporter-output>
          </reporter-output>
        </test-method> <!-- repoquit -->
        <test-method status="PASS" signature="addremoveShortlist(java.util.Hashtable)[pri:0, instance:com.core.ddf.NoBroker.testcases.Shortlist@7d68ef40]" name="addremoveShortlist" duration-ms="58464" started-at="2017-03-06T02:38:49Z" data-provider="getData" finished-at="2017-03-06T02:39:48Z">
          <params>
            <param index="0">
              <value>
                <![CDATA[{location=Worli, password=ankur1989, bhk=rk1,bhk1, Runmode=y, number=9852755852, city=Mumbai, Browser=Mozilla}]]>
              </value>
            </param>
          </params>
          <reporter-output>
          </reporter-output>
        </test-method> <!-- addremoveShortlist -->
        <test-method status="PASS" signature="init()[pri:0, instance:com.core.ddf.NoBroker.testcases.Shortlist@7d68ef40]" name="init" is-config="true" duration-ms="0" started-at="2017-03-06T02:38:49Z" finished-at="2017-03-06T02:38:49Z">
          <reporter-output>
          </reporter-output>
        </test-method> <!-- init -->
        <test-method status="PASS" signature="repoquit()[pri:0, instance:com.core.ddf.NoBroker.testcases.Shortlist@7d68ef40]" name="repoquit" is-config="true" duration-ms="823" started-at="2017-03-06T02:39:48Z" finished-at="2017-03-06T02:39:48Z">
          <reporter-output>
          </reporter-output>
        </test-method> <!-- repoquit -->
      </class> <!-- com.core.ddf.NoBroker.testcases.Shortlist -->
    </test> <!-- Shortlist -->
  </suite> <!-- SuiteName -->
</testng-results>
