<?xml version="1.0" encoding="UTF-8"?>
<!-- Generated by org.testng.reporters.JUnitXMLReporter -->
<testsuite hostname="Ankur" name="selectplanTest" tests="10" failures="2" timestamp="5 Mar 2017 21:07:54 GMT" time="134.198" errors="0">
  <testcase name="search" time="74.853" classname="com.core.ddf.NoBroker.testcases.selectplanTest">
    <failure type="org.openqa.selenium.ElementNotVisibleException" message="Element is not currently visible and so may not be interacted with
Command duration or timeout: 20.04 seconds
Build info: version: &amp;apos;2.52.0&amp;apos;, revision: &amp;apos;4c2593cfc3689a7fcd7be52549167e5ccc93ad28&amp;apos;, time: &amp;apos;2016-02-11 11:22:43&amp;apos;
System info: host: &amp;apos;Ankur&amp;apos;, ip: &amp;apos;192.168.0.102&amp;apos;, os.name: &amp;apos;Windows 10&amp;apos;, os.arch: &amp;apos;amd64&amp;apos;, os.version: &amp;apos;10.0&amp;apos;, java.version: &amp;apos;1.8.0_121&amp;apos;
Driver info: org.openqa.selenium.firefox.FirefoxDriver
Capabilities [{applicationCacheEnabled=true, rotatable=false, handlesAlerts=true, databaseEnabled=true, version=44.0.2, platform=WINDOWS, nativeEvents=false, acceptSslCerts=true, webStorageEnabled=true, locationContextEnabled=true, browserName=firefox, takesScreenshot=true, javascriptEnabled=true, cssSelectorsEnabled=true}]
Session ID: 48742d54-034f-475b-9a68-da86541af69d">
      <![CDATA[org.openqa.selenium.ElementNotVisibleException: Element is not currently visible and so may not be interacted with
Command duration or timeout: 20.04 seconds
Build info: version: '2.52.0', revision: '4c2593cfc3689a7fcd7be52549167e5ccc93ad28', time: '2016-02-11 11:22:43'
System info: host: 'Ankur', ip: '192.168.0.102', os.name: 'Windows 10', os.arch: 'amd64', os.version: '10.0', java.version: '1.8.0_121'
Driver info: org.openqa.selenium.firefox.FirefoxDriver
Capabilities [{applicationCacheEnabled=true, rotatable=false, handlesAlerts=true, databaseEnabled=true, version=44.0.2, platform=WINDOWS, nativeEvents=false, acceptSslCerts=true, webStorageEnabled=true, locationContextEnabled=true, browserName=firefox, takesScreenshot=true, javascriptEnabled=true, cssSelectorsEnabled=true}]
Session ID: 48742d54-034f-475b-9a68-da86541af69d
	at org.openqa.selenium.remote.ErrorHandler.createThrowable(ErrorHandler.java:206)
	at org.openqa.selenium.remote.ErrorHandler.throwIfResponseFailed(ErrorHandler.java:158)
	at org.openqa.selenium.remote.RemoteWebDriver.execute(RemoteWebDriver.java:678)
	at org.openqa.selenium.remote.RemoteWebElement.execute(RemoteWebElement.java:327)
	at org.openqa.selenium.remote.RemoteWebElement.click(RemoteWebElement.java:85)
	at com.core.ddf.NoBroker.BaseTest.click(BaseTest.java:102)
	at com.core.ddf.NoBroker.testcases.selectplanTest.search(selectplanTest.java:45)
Caused by: org.openqa.selenium.ElementNotVisibleException: Element is not currently visible and so may not be interacted with
Build info: version: '2.52.0', revision: '4c2593cfc3689a7fcd7be52549167e5ccc93ad28', time: '2016-02-11 11:22:43'
System info: host: 'Ankur', ip: '192.168.0.102', os.name: 'Windows 10', os.arch: 'amd64', os.version: '10.0', java.version: '1.8.0_121'
Driver info: driver.version: unknown
	at <anonymous class>.fxdriver.preconditions.visible(file:///C:/Users/ankur/AppData/Local/Temp/anonymous5873710641050916927webdriver-profile/extensions/fxdriver@googlecode.com/components/command-processor.js:10045)
	at <anonymous class>.DelayedCommand.prototype.checkPreconditions_(file:///C:/Users/ankur/AppData/Local/Temp/anonymous5873710641050916927webdriver-profile/extensions/fxdriver@googlecode.com/components/command-processor.js:12597)
	at <anonymous class>.DelayedCommand.prototype.executeInternal_/h(file:///C:/Users/ankur/AppData/Local/Temp/anonymous5873710641050916927webdriver-profile/extensions/fxdriver@googlecode.com/components/command-processor.js:12614)
	at <anonymous class>.fxdriver.Timer.prototype.setTimeout/<.notify(file:///C:/Users/ankur/AppData/Local/Temp/anonymous5873710641050916927webdriver-profile/extensions/fxdriver@googlecode.com/components/command-processor.js:623)
... Removed 28 stack frames]]>
    </failure>
  </testcase> <!-- search -->
  <testcase name="search" time="55.17" classname="com.core.ddf.NoBroker.testcases.selectplanTest">
    <failure type="java.lang.AssertionError" message="Password aa is wrong">
      <![CDATA[java.lang.AssertionError: Password aa is wrong
	at com.core.ddf.NoBroker.BaseTest.reportFailure(BaseTest.java:169)
	at com.core.ddf.NoBroker.BaseTest.VerifyPassword(BaseTest.java:358)
	at com.core.ddf.NoBroker.testcases.selectplanTest.search(selectplanTest.java:51)
... Removed 25 stack frames]]>
    </failure>
  </testcase> <!-- search -->
  <testcase name="search" time="0.001" classname="com.core.ddf.NoBroker.testcases.selectplanTest">
    <skipped/>
  </testcase> <!-- search -->
  <testcase name="search" time="0.001" classname="com.core.ddf.NoBroker.testcases.selectplanTest">
    <skipped/>
  </testcase> <!-- search -->
  <testcase name="search" time="0.001" classname="com.core.ddf.NoBroker.testcases.selectplanTest">
    <skipped/>
  </testcase> <!-- search -->
  <testcase name="search" time="0.002" classname="com.core.ddf.NoBroker.testcases.selectplanTest">
    <skipped/>
  </testcase> <!-- search -->
  <testcase name="search" time="0.002" classname="com.core.ddf.NoBroker.testcases.selectplanTest">
    <skipped/>
  </testcase> <!-- search -->
  <testcase name="search" time="0.003" classname="com.core.ddf.NoBroker.testcases.selectplanTest">
    <skipped/>
  </testcase> <!-- search -->
  <testcase name="search" time="0.002" classname="com.core.ddf.NoBroker.testcases.selectplanTest">
    <skipped/>
  </testcase> <!-- search -->
  <testcase name="search" time="0.002" classname="com.core.ddf.NoBroker.testcases.selectplanTest">
    <skipped/>
  </testcase> <!-- search -->
</testsuite> <!-- selectplanTest -->
